[2024-06-16T20:41:18.384Z] Utente Andreaise (andrea.isernio@gmail.com) ha effettuato il login
[2024-06-16T20:41:22.526Z] Utente undefined (undefined) ha effettuato il logout
[2024-06-16T22:12:27.080Z] Utente Andreaise (andrea.isernio@gmail.com) ha effettuato il login
[2024-06-16T22:12:33.374Z] Utente undefined (undefined) ha effettuato il logout
[2024-06-16T23:00:06.025Z] Utente sconosciuto ha effettuato il logout
[2024-06-16T23:00:42.417Z] Utente Andreaise (andrea.isernio@gmail.com) ha effettuato il login
[2024-06-16T23:00:47.807Z] Utente sconosciuto ha effettuato il logout
[2024-06-16T23:04:46.324Z] Utente Andreaise (andrea.isernio@gmail.com) ha effettuato il login
[2024-06-16T23:04:52.649Z] Utente sconosciuto ha effettuato il logout
[2024-06-16T23:05:06.988Z] Utente Andreaise (andrea.isernio@gmail.com) ha effettuato il login
[2024-06-16T23:05:16.537Z] Utente sconosciuto ha effettuato il logout
[2024-06-16T23:05:19.734Z] Utente Andreaise (andrea.isernio@gmail.com) ha effettuato il login
[2024-06-16T23:05:22.546Z] Utente sconosciuto ha effettuato il logout
[2024-06-16T23:06:04.592Z] Utente Andreaise (andrea.isernio@gmail.com) ha effettuato il login
[2024-06-16T23:06:08.272Z] Utente sconosciuto ha effettuato il logout
[2024-06-16T23:09:56.080Z] Utente Andreaise (andrea.isernio@gmail.com) ha effettuato il login
[2024-06-16T23:10:00.046Z] Utente Andreaise (andrea.isernio@gmail.com) ha effettuato il login
[2024-06-16T23:10:03.252Z] Utente sconosciuto ha effettuato il logout
[2024-06-16T23:10:23.594Z] Utente Andreaise (andrea.isernio@gmail.com) ha effettuato il login
[2024-06-16T23:10:26.994Z] Utente sconosciuto ha effettuato il logout
[2024-06-16T23:10:39.920Z] Utente Andreaise (andrea.isernio@gmail.com) ha effettuato il login
[2024-06-16T23:10:43.129Z] Utente sconosciuto ha effettuato il logout
[2024-06-16T23:12:47.638Z] Utente Andreaise (andrea.isernio@gmail.com) ha effettuato il login
[2024-06-16T23:13:02.511Z] Utente sconosciuto ha effettuato il logout
[2024-06-16T23:15:09.838Z] Utente Andreaise (andrea.isernio@gmail.com) ha effettuato il login
[2024-06-16T23:15:15.454Z] Utente sconosciuto ha effettuato il logout
[2024-06-16T23:15:40.646Z] Utente Andreaise (andrea.isernio@gmail.com) ha effettuato il login
[2024-06-16T23:15:44.026Z] Utente sconosciuto ha effettuato il logout
[2024-06-16T23:16:00.023Z] Utente Andreaise (andrea.isernio@gmail.com) ha effettuato il login
[2024-06-16T23:16:02.875Z] Utente sconosciuto ha effettuato il logout
[2024-06-17T08:26:34.543Z] Utente Andreaise (andrea.isernio@gmail.com) ha effettuato il login
[2024-06-17T08:26:41.357Z] Utente Andreaise (andrea.isernio@gmail.com) ha effettuato il login
[2024-06-17T08:26:51.951Z] Utente sconosciuto ha effettuato il logout
[2024-06-17T08:26:56.943Z] Utente Andreaise (andrea.isernio@gmail.com) ha effettuato il login
[2024-06-17T08:27:01.782Z] Utente sconosciuto ha effettuato il logout
[2024-06-17T08:39:41.994Z] Utente Andreaise (andrea.isernio@gmail.com) ha effettuato il login
[2024-06-17T08:39:49.149Z] Utente Andreaise (andrea.isernio@gmail.com) ha effettuato il login
[2024-06-17T08:39:56.108Z] Utente sconosciuto ha effettuato il logout
[2024-06-17T08:40:04.433Z] Utente sconosciuto ha effettuato il logout
[2024-06-17T08:45:20.307Z] Utente Andreaise (andrea.isernio@gmail.com) ha effettuato il login
[2024-06-17T08:46:13.065Z] Utente sconosciuto ha effettuato il logout
[2024-06-17T08:48:05.622Z] Utente Andreaise (andrea.isernio@gmail.com) ha effettuato il login
[2024-06-17T09:01:13.192Z] Utente sconosciuto ha effettuato il logout
[2024-06-17T10:05:13.383Z] Utente Andreaise (andrea.isernio@gmail.com) ha effettuato il login
[2024-06-17T10:05:21.856Z] Utente sconosciuto ha effettuato il logout
[2024-06-17T10:09:40.325Z] Utente Andreaise (andrea.isernio@gmail.com) ha effettuato il login
[2024-06-17T10:22:26.374Z] Utente Andreaise (andrea.isernio@gmail.com) ha effettuato il login
[2024-06-17T10:22:40.595Z] Utente sconosciuto ha effettuato il logout
[2024-06-17T13:08:08.903Z] Utente Andreaise (andrea.isernio@gmail.com) ha effettuato il login
[2024-06-17T13:08:20.555Z] Utente sconosciuto ha effettuato il logout
[2024-06-17T13:08:32.495Z] Utente Andreaise (andrea.isernio@gmail.com) ha effettuato il login
[2024-06-17T13:08:56.456Z] Utente sconosciuto ha effettuato il logout
[2024-06-17T13:11:24.193Z] AUTH.TS !!! Utente Andreaise (andrea.isernio@gmail.com) ha effettuato il login
[2024-06-17T13:11:30.513Z] AUTH.TS !!! Utente sconosciuto ha effettuato il logout
[2024-06-17T14:41:42.248Z] Utente Andreaise (andrea.isernio@gmail.com) ha effettuato il login
[2024-06-17T14:41:49.681Z] Utente sconosciuto ha effettuato il logout
[2024-06-17T14:53:02.855Z] Tentativo di accesso non autorizzato - Nessuna sessione trovata
[2024-06-17T15:11:33.989Z] Tentativo di accesso non autorizzato - Nessuna sessione trovata
[2024-06-17T15:11:59.006Z] Tentativo di accesso non autorizzato - Nessuna sessione trovata
[2024-06-17T15:11:59.014Z] Tentativo di accesso non autorizzato - Nessuna sessione trovata
[2024-06-17T15:26:26.645Z] Utente Andreaise (andrea.isernio@gmail.com) ha effettuato il login
[2024-06-17T15:26:43.847Z] Utente sconosciuto ha effettuato il logout
[2024-06-17T15:28:42.151Z] Utente Andreaise (andrea.isernio@gmail.com) ha effettuato il login
[2024-06-17T15:28:45.316Z] Utente sconosciuto ha effettuato il logout
[2024-06-17T16:50:14.940Z] Utente Andreaise (andrea.isernio@gmail.com) ha effettuato il login
[2024-06-17T16:50:53.174Z] Utente sconosciuto ha effettuato il logout
[2024-06-17T16:57:18.084Z] Utente Andreaise (andrea.isernio@gmail.com) ha effettuato il login
[2024-06-17T16:57:28.129Z] Utente sconosciuto ha effettuato il logout
[2024-06-17T17:01:40.270Z] Nessuna sessione trovata - accesso non autorizzato
[2024-06-18T09:22:41.028Z] Utente Andreaise (andrea.isernio@gmail.com) ha effettuato il login
[2024-06-18T09:27:16.729Z] Utente sconosciuto ha effettuato il logout
[2024-06-18T09:27:21.784Z] Nessuna sessione trovata - accesso non autorizzato
[2024-06-18T09:40:10.158Z] Nessuna sessione trovata - accesso non autorizzato
[2024-06-18T09:42:16.322Z] Lib.ts Nessuna sessione trovata - accesso non autorizzato
[2024-06-18T09:53:15.734Z] Utente Andreaise (andrea.isernio@gmail.com) ha effettuato il login
[2024-06-18T09:53:19.872Z] Utente sconosciuto ha effettuato il logout
[2024-06-18T09:53:25.946Z] Lib.ts Nessuna sessione trovata - accesso non autorizzato
[2024-06-18T10:07:50.641Z] Lib.ts Nessuna sessione trovata - accesso non autorizzato
[2024-06-18T10:08:24.372Z] Lib.ts Nessuna sessione trovata - accesso non autorizzato
[2024-06-21T15:43:39.612Z] auth.ts Utente Andreaise (andrea.isernio@gmail.com) ha effettuato il login
[2024-06-21T15:43:49.654Z] auth.ts NELL ELSE: Utente sconosciuto ha effettuato il logout
[2024-06-21T15:43:59.784Z] Lib.ts Nessuna sessione trovata - accesso non autorizzato
[2024-06-21T15:44:42.174Z] Lib.ts Nessuna sessione trovata - accesso non autorizzato
[2024-06-21T16:51:27.846Z] auth.ts Utente Andreaise (andrea.isernio@gmail.com) ha effettuato il login
[2024-06-21T16:51:50.905Z] auth.ts NELL ELSE: Utente sconosciuto ha effettuato il logout
[2024-06-21T16:53:16.825Z] auth.ts Utente Andreaise (andrea.isernio@gmail.com) ha effettuato il login
[2024-06-21T16:53:27.616Z] Utente sconosciuto ha effettuato il logout
[2024-06-21T16:55:57.713Z] Utente Andreaise (andrea.isernio@gmail.com) ha effettuato il login
[2024-06-21T16:56:09.210Z] Utente sconosciuto ha effettuato il logout
[2024-06-21T16:56:19.239Z] Nessuna sessione trovata - accesso non autorizzato
[2024-06-21T16:56:27.460Z] Nessuna sessione trovata - accesso non autorizzato
[2024-06-21T16:57:49.161Z] Nessuna sessione trovata - accesso non autorizzato
[2024-06-21T16:57:55.269Z] Nessuna sessione trovata - accesso non autorizzato
[2024-06-21T17:42:07.779Z] Utente Andreaise (andrea.isernio@gmail.com) ha effettuato il login
[2024-06-21T17:42:14.213Z] Utente sconosciuto ha effettuato il logout
